  [1m[35m (0.9ms)[0m  [1m[35mCREATE DATABASE "aplikasi_development" ENCODING = 'unicode'[0m
  ↳ /home/alvianzf/.rbenv/versions/2.5.3/bin/rake:23
  [1m[35m (1.1ms)[0m  [1m[35mCREATE DATABASE "aplikasi_test" ENCODING = 'unicode'[0m
  ↳ /home/alvianzf/.rbenv/versions/2.5.3/bin/rake:23
  [1m[35m (0.6ms)[0m  [1m[34mSELECT pg_try_advisory_lock(6289628975006429535)[0m
  ↳ bin/rails:9
  [1m[35m (1.1ms)[0m  [1m[34mSELECT "schema_migrations"."version" FROM "schema_migrations" ORDER BY "schema_migrations"."version" ASC[0m
  ↳ bin/rails:9
  [1m[36mActiveRecord::InternalMetadata Load (33.8ms)[0m  [1m[34mSELECT  "ar_internal_metadata".* FROM "ar_internal_metadata" WHERE "ar_internal_metadata"."key" = $1 LIMIT $2[0m  [["key", "environment"], ["LIMIT", 1]]
  ↳ bin/rails:9
  [1m[35m (0.3ms)[0m  [1m[35mBEGIN[0m
  ↳ bin/rails:9
  [1m[35m (0.2ms)[0m  [1m[35mCOMMIT[0m
  ↳ bin/rails:9
  [1m[35m (0.4ms)[0m  [1m[34mSELECT pg_advisory_unlock(6289628975006429535)[0m
  ↳ bin/rails:9
  [1m[35m (0.6ms)[0m  [1m[34mSELECT "schema_migrations"."version" FROM "schema_migrations" ORDER BY "schema_migrations"."version" ASC[0m
  ↳ bin/rails:9
Started GET "/" for 127.0.0.1 at 2018-11-26 10:27:41 +0700
Processing by Rails::WelcomeController#index as HTML
  Rendering /home/alvianzf/.rbenv/versions/2.5.3/lib/ruby/gems/2.5.0/gems/railties-5.2.1/lib/rails/templates/rails/welcome/index.html.erb
  Rendered /home/alvianzf/.rbenv/versions/2.5.3/lib/ruby/gems/2.5.0/gems/railties-5.2.1/lib/rails/templates/rails/welcome/index.html.erb (4.8ms)
Completed 200 OK in 43ms (Views: 24.3ms | ActiveRecord: 0.0ms)


Started GET "/" for 127.0.0.1 at 2018-11-26 10:40:45 +0700
Processing by Rails::WelcomeController#index as HTML
  Rendering /home/alvianzf/.rbenv/versions/2.5.3/lib/ruby/gems/2.5.0/gems/railties-5.2.1/lib/rails/templates/rails/welcome/index.html.erb
  Rendered /home/alvianzf/.rbenv/versions/2.5.3/lib/ruby/gems/2.5.0/gems/railties-5.2.1/lib/rails/templates/rails/welcome/index.html.erb (3.0ms)
Completed 200 OK in 8ms (Views: 5.1ms | ActiveRecord: 0.0ms)


